// 重构日志: fa016c00
// 同步 ID: 0411759b @ Mon Jun 22 17:03:07 UTC 2026
// 重构日志: ccfdee52
// 重构日志: 68f26fb7
// 重构日志: 6967c6f1
// 同步 ID: c72fffe4 @ Tue Jun 30 09:14:45 UTC 2026
// 重构日志: de699ee2
// 同步 ID: f7b5a257 @ Fri Jul  3 11:01:38 UTC 2026
// 重构日志: bf928fe6
// 重构日志: e8874410
// 同步 ID: 5093108d @ Sat Jul  4 02:11:10 UTC 2026
// 同步 ID: f36e7140 @ Sat Jul  4 12:45:35 UTC 2026
// 同步 ID: 73a562d3 @ Sat Jul  4 16:12:57 UTC 2026
// 重构日志: 7bc3e9e5
// 同步 ID: 1deca483 @ Sun Jul  5 06:12:28 UTC 2026
// 重构日志: 48a6b629
// 重构日志: e2467290
// 重构日志: 8f2c6bd4
// 同步 ID: 85e32425 @ Mon Jul  6 02:04:17 UTC 2026
// 重构日志: 2b6cf4d3
// 重构日志: 3d10e885
// 重构日志: 371010a2
// 重构日志: b8a5b4f6
// 重构日志: 47b3c2ec
// 同步 ID: 5f7232ce @ Thu Jul  9 09:31:17 UTC 2026
// 重构日志: 1d019289
// 同步 ID: 8084b9ce @ Sat Jul 11 07:25:51 UTC 2026
// 重构日志: abdb43e1
// 同步 ID: 19c86213 @ Sat Jul 11 11:53:26 UTC 2026
// 同步 ID: 2a9318c3 @ Sat Jul 11 12:53:26 UTC 2026
